<?xml version="1.0" encoding="UTF-8"?>
<!-- Generated by org.testng.reporters.JUnitReportReporter -->
<testsuite hostname="DESKTOP-E7RVMER" failures="0" tests="1" name="tests.SimpleTest" time="6.534" errors="0" timestamp="2022-06-19T01:51:11 IDT" skipped="0">
  <testcase classname="tests.SimpleTest" name="tc01_simpleTest" time="6.534"/>
  <system-out/>
</testsuite> <!-- tests.SimpleTest -->
